<?xml version="1.0" encoding="UTF-8"?>
<!-- Generated by org.testng.reporters.JUnitReportReporter -->
<testsuite skipped="0" hostname="LDN-L380" name="example.NewTest" tests="1" failures="0" timestamp="22 Dec 2016 17:13:10 GMT" time="5.012" errors="0">
  <testcase name="testEasy" time="5.012" classname="example.NewTest"/>
</testsuite> <!-- example.NewTest -->
