<?xml version="1.0" encoding="UTF-8"?>
<!-- Generated by org.testng.reporters.JUnitReportReporter -->
<testsuite skipped="0" hostname="LDN-L380" name="example.NewTest" tests="1" failures="0" timestamp="28 Dec 2016 16:30:41 GMT" time="5.188" errors="0">
  <testcase name="testEasy" time="5.188" classname="example.NewTest"/>
</testsuite> <!-- example.NewTest -->
