<?xml version="1.0" encoding="UTF-8"?>
<!-- Generated by org.testng.reporters.JUnitReportReporter -->
<testsuite skipped="0" hostname="LDN-L380" name="example.testHard" tests="1" failures="0" timestamp="29 Dec 2016 16:11:22 GMT" time="1.125" errors="0">
  <testcase name="testEasy" time="1.125" classname="example.testHard"/>
</testsuite> <!-- example.testHard -->
