<?xml version="1.0" encoding="UTF-8"?>
<!-- Generated by org.testng.reporters.JUnitReportReporter -->
<testsuite skipped="0" hostname="LDN-L380" name="example.NewTest" tests="1" failures="0" timestamp="29 Dec 2016 16:11:22 GMT" time="0.542" errors="0">
  <testcase name="testEasy" time="0.542" classname="example.NewTest"/>
</testsuite> <!-- example.NewTest -->
